<?xml version="1.0" encoding="UTF-8"?><testsuite failures="0" name="cucumber.runtime.formatter.JUnitFormatter" skipped="0" tests="1" time="0.146837">
<testcase classname="My second feature file" name="scenario without any annotation" time="0.146837">
<system-out><![CDATA[* Login to application......................................................passed
* Search any claim..........................................................passed
* User should be navigate to View Claim Documents page......................passed
* Login to application with user "username" and "password"..................passed
]]></system-out>
</testcase>
</testsuite>
